     1                                  section .data
     2                                  section .text
     3                                  
     4                                  
     5                                  global stats
     6                                  stats:
     7 00000000 4154                        push r12
     8 00000002 41BB00000000                mov r11,0
     9 00000008 41BC00000000                mov r12d,0
    10                                  forloop:
    11 0000000E 428B049F                    mov eax,[rdi+r11*4]
    12 00000012 4101C4                      add r12d,eax
    13 00000015 49FFC3                      inc r11
    14 00000018 4939F3                      cmp r11,rsi
    15 0000001B 72F1                        jb forloop
    16                                  
    17 0000001D 448922                      mov [rdx],r12d
    18 00000020 415C                        pop r12
    19 00000022 C3                          ret
    20                                  
